\BOOKMARK [1][-]{section.1}{Introduction}{}% 1
\BOOKMARK [2][-]{subsection.1.1}{Project Analysis}{section.1}% 2
\BOOKMARK [3][-]{subsubsection.1.1.1}{Users}{subsection.1.1}% 3
\BOOKMARK [3][-]{subsubsection.1.1.2}{Business Model}{subsection.1.1}% 4
\BOOKMARK [3][-]{subsubsection.1.1.3}{Data Flow}{subsection.1.1}% 5
\BOOKMARK [1][-]{section.2}{Technological Aspects}{}% 6
\BOOKMARK [2][-]{subsection.2.1}{MVC}{section.2}% 7
\BOOKMARK [2][-]{subsection.2.2}{Used technologies}{section.2}% 8
\BOOKMARK [3][-]{subsubsection.2.2.1}{HTML5 html5}{subsection.2.2}% 9
\BOOKMARK [3][-]{subsubsection.2.2.2}{CSS css}{subsection.2.2}% 10
\BOOKMARK [3][-]{subsubsection.2.2.3}{JavaScript javascript}{subsection.2.2}% 11
\BOOKMARK [3][-]{subsubsection.2.2.4}{AJAX ajax}{subsection.2.2}% 12
\BOOKMARK [3][-]{subsubsection.2.2.5}{NodeJS nodejs}{subsection.2.2}% 13
\BOOKMARK [3][-]{subsubsection.2.2.6}{Heroku heroku}{subsection.2.2}% 14
\BOOKMARK [3][-]{subsubsection.2.2.7}{Twitter APIs twitterAPI}{subsection.2.2}% 15
\BOOKMARK [1][-]{section.3}{Additional attachments}{}% 16
\BOOKMARK [2][-]{subsection.3.1}{First Draft}{section.3}% 17
\BOOKMARK [2][-]{subsection.3.2}{Application API Endpoints}{section.3}% 18
\BOOKMARK [2][-]{subsection.3.3}{MVC example}{section.3}% 19
\BOOKMARK [1][-]{section.4}{Conclusion}{}% 20
